[2020-10-28T14:45:36.064] [DEBUG] cheese - login => username:admin,password:123456
[2020-10-28T14:45:36.066] [DEBUG] cheese - admin
[2020-10-28T14:45:36.154] [DEBUG] cheese - null
[2020-10-28T14:45:36.156] [DEBUG] cheese - null
[2020-10-28T14:46:51.640] [DEBUG] cheese - login => username:jack,password:123456
[2020-10-28T14:46:51.641] [DEBUG] cheese - jack
[2020-10-28T14:46:51.648] [DEBUG] cheese - null
[2020-10-28T14:46:51.649] [DEBUG] cheese - null
[2020-10-28T14:47:16.370] [DEBUG] cheese - login => username:admin,password:123456
[2020-10-28T14:47:16.370] [DEBUG] cheese - admin
[2020-10-28T14:47:16.377] [DEBUG] cheese - null
[2020-10-28T14:47:16.378] [DEBUG] cheese - null
[2020-10-28T15:08:39.004] [DEBUG] cheese - login => username:jack,password:123456
[2020-10-28T15:08:39.007] [DEBUG] cheese - jack
[2020-10-28T15:08:39.059] [DEBUG] cheese - null
[2020-10-28T15:08:39.059] [DEBUG] cheese - null
[2020-10-28T15:08:43.654] [DEBUG] cheese - login => username:admin,password:123456
[2020-10-28T15:08:43.654] [DEBUG] cheese - admin
[2020-10-28T15:08:43.661] [DEBUG] cheese - null
[2020-10-28T15:08:43.662] [DEBUG] cheese - null
[2020-10-28T15:09:44.170] [DEBUG] cheese - login => username:admin,password:123456
[2020-10-28T15:09:44.171] [DEBUG] cheese - admin
[2020-10-28T15:09:44.184] [DEBUG] cheese - null
[2020-10-28T15:09:44.184] [DEBUG] cheese - null
[2020-10-28T16:46:23.862] [DEBUG] cheese - login => username:admin,password:123456
[2020-10-28T16:46:23.863] [DEBUG] cheese - admin
[2020-10-28T16:46:23.883] [DEBUG] cheese - null
[2020-10-28T16:46:23.883] [DEBUG] cheese - null
[2020-10-28T19:01:07.412] [DEBUG] cheese - login => username:admin,password:123456
[2020-10-28T19:01:07.413] [DEBUG] cheese - admin
[2020-10-28T19:01:07.423] [DEBUG] cheese - null
[2020-10-28T19:01:07.424] [DEBUG] cheese - null
[2020-10-28T23:41:13.208] [DEBUG] cheese - login => username:jack,password:123456
[2020-10-28T23:41:13.211] [DEBUG] cheese - jack
[2020-10-28T23:41:13.250] [DEBUG] cheese - null
[2020-10-28T23:41:13.251] [DEBUG] cheese - null
[2020-10-28T23:41:45.890] [DEBUG] cheese - login => username:jack,password:123456
[2020-10-28T23:41:45.891] [DEBUG] cheese - jack
[2020-10-28T23:41:45.894] [DEBUG] cheese - null
[2020-10-28T23:41:45.895] [DEBUG] cheese - null
[2020-10-28T23:41:50.990] [DEBUG] cheese - login => username:admin,password:123456
[2020-10-28T23:41:50.990] [DEBUG] cheese - admin
[2020-10-28T23:41:50.993] [DEBUG] cheese - null
[2020-10-28T23:41:50.994] [DEBUG] cheese - null
[2020-10-29T08:36:46.525] [DEBUG] cheese - login => username:admin,password:123456
[2020-10-29T08:36:46.528] [DEBUG] cheese - admin
[2020-10-29T08:36:46.576] [DEBUG] cheese - null
[2020-10-29T08:36:46.577] [DEBUG] cheese - null
[2020-10-29T15:12:35.619] [DEBUG] cheese - login => username:admin,password:123456
[2020-10-29T15:12:35.631] [DEBUG] cheese - admin
[2020-10-29T15:12:35.657] [DEBUG] cheese - null
[2020-10-29T15:12:35.657] [DEBUG] cheese - null
[2020-10-29T15:21:11.274] [DEBUG] cheese - login => username:Hunk,password:123456
[2020-10-29T15:21:11.276] [DEBUG] cheese - Hunk
[2020-10-29T15:21:11.279] [DEBUG] cheese - null
[2020-10-29T15:21:11.280] [DEBUG] cheese - null
[2020-10-29T15:21:13.899] [DEBUG] cheese - null
[2020-10-29T15:21:13.905] [DEBUG] cheese - null
[2020-10-29T15:21:17.289] [DEBUG] cheese - null
[2020-10-29T15:21:17.295] [DEBUG] cheese - null
[2020-10-29T15:33:38.250] [DEBUG] cheese - null
[2020-10-29T15:33:38.253] [DEBUG] cheese - null
[2020-10-29T15:47:40.408] [DEBUG] cheese - null
[2020-10-29T15:47:40.488] [DEBUG] cheese - null
[2020-10-29T15:47:49.072] [DEBUG] cheese - null
[2020-10-29T15:47:49.091] [DEBUG] cheese - null
[2020-10-29T15:49:12.242] [DEBUG] cheese - null
[2020-10-29T15:49:12.248] [DEBUG] cheese - null
[2020-10-29T15:50:02.430] [DEBUG] cheese - null
[2020-10-29T15:50:02.435] [DEBUG] cheese - null
[2020-10-29T15:51:44.906] [DEBUG] cheese - login => username:Hunk,password:123456
[2020-10-29T15:51:44.906] [DEBUG] cheese - Hunk
[2020-10-29T15:51:44.912] [DEBUG] cheese - null
[2020-10-29T15:51:44.912] [DEBUG] cheese - null
[2020-10-29T15:53:46.442] [DEBUG] cheese - null
[2020-10-29T15:53:46.445] [DEBUG] cheese - null
[2020-10-29T16:07:17.617] [DEBUG] cheese - null
[2020-10-29T16:07:17.621] [DEBUG] cheese - null
[2020-10-29T16:07:41.573] [DEBUG] cheese - null
[2020-10-29T16:07:41.580] [DEBUG] cheese - null
[2020-10-29T16:07:44.621] [DEBUG] cheese - null
[2020-10-29T16:07:44.629] [DEBUG] cheese - null
[2020-10-29T16:07:46.563] [DEBUG] cheese - null
[2020-10-29T16:07:46.566] [DEBUG] cheese - null
[2020-10-29T16:07:49.065] [DEBUG] cheese - null
[2020-10-29T16:07:49.070] [DEBUG] cheese - null
[2020-10-29T16:07:52.673] [DEBUG] cheese - null
[2020-10-29T16:07:52.677] [DEBUG] cheese - null
[2020-10-29T16:08:47.549] [DEBUG] cheese - null
[2020-10-29T16:08:47.552] [DEBUG] cheese - null
[2020-10-29T16:09:47.034] [DEBUG] cheese - null
[2020-10-29T16:09:47.038] [DEBUG] cheese - null
[2020-10-29T16:11:48.382] [DEBUG] cheese - null
[2020-10-29T16:11:48.392] [DEBUG] cheese - null
[2020-10-29T16:11:52.866] [DEBUG] cheese - null
[2020-10-29T16:11:52.873] [DEBUG] cheese - null
[2020-10-29T16:12:12.256] [DEBUG] cheese - login => username:Hunk,password:123456
[2020-10-29T16:12:12.256] [DEBUG] cheese - Hunk
[2020-10-29T16:12:12.260] [DEBUG] cheese - null
[2020-10-29T16:12:12.261] [DEBUG] cheese - null
[2020-10-29T16:13:53.268] [DEBUG] cheese - login => username:Hunk,password:123456
[2020-10-29T16:13:53.268] [DEBUG] cheese - Hunk
[2020-10-29T16:13:53.271] [DEBUG] cheese - null
[2020-10-29T16:13:53.272] [DEBUG] cheese - null
[2020-10-29T16:19:49.481] [DEBUG] cheese - login => username:admin,password:123456
[2020-10-29T16:19:49.483] [DEBUG] cheese - admin
[2020-10-29T16:19:49.510] [DEBUG] cheese - null
[2020-10-29T16:19:49.511] [DEBUG] cheese - null
[2020-10-29T21:40:58.790] [DEBUG] cheese - null
[2020-10-29T22:01:29.810] [DEBUG] cheese - login => username:Hunk,password:123456
[2020-10-29T22:01:29.810] [DEBUG] cheese - Hunk
[2020-10-29T22:01:29.827] [DEBUG] cheese - null
[2020-10-29T22:01:29.827] [DEBUG] cheese - null
[2020-10-29T22:02:27.955] [DEBUG] cheese - login => username:admin,password:123456
[2020-10-29T22:02:27.955] [DEBUG] cheese - admin
[2020-10-29T22:02:27.959] [DEBUG] cheese - null
[2020-10-29T22:02:27.959] [DEBUG] cheese - null
[2020-10-30T08:26:01.516] [DEBUG] cheese - login => username:admin,password:123456
[2020-10-30T08:26:01.518] [DEBUG] cheese - admin
[2020-10-30T08:26:01.558] [DEBUG] cheese - null
[2020-10-30T08:26:01.559] [DEBUG] cheese - null
[2020-10-30T10:15:02.734] [DEBUG] cheese - null
[2020-10-30T11:14:35.320] [DEBUG] cheese - login => username:admin,password:123456
[2020-10-30T11:14:35.321] [DEBUG] cheese - admin
[2020-10-30T11:14:35.341] [DEBUG] cheese - null
[2020-10-30T11:14:35.345] [DEBUG] cheese - null
[2020-10-30T15:55:36.322] [DEBUG] cheese - login => username:Hunk,password:123456
[2020-10-30T15:55:36.327] [DEBUG] cheese - Hunk
[2020-10-30T15:55:36.360] [DEBUG] cheese - null
[2020-10-30T15:55:36.361] [DEBUG] cheese - null
[2020-10-30T15:56:26.049] [DEBUG] cheese - login => username:admin,password:123456
[2020-10-30T15:56:26.049] [DEBUG] cheese - admin
[2020-10-30T15:56:26.052] [DEBUG] cheese - null
[2020-10-30T15:56:26.053] [DEBUG] cheese - null
[2020-10-30T16:37:10.343] [DEBUG] cheese - login => username:jack,password:123456
[2020-10-30T16:37:10.344] [DEBUG] cheese - jack
[2020-10-30T16:37:10.347] [DEBUG] cheese - null
[2020-10-30T16:37:10.347] [DEBUG] cheese - null
[2020-10-30T16:37:19.317] [DEBUG] cheese - login => username:Hunk,password:123456
[2020-10-30T16:37:19.317] [DEBUG] cheese - Hunk
[2020-10-30T16:37:19.320] [DEBUG] cheese - null
[2020-10-30T16:37:19.320] [DEBUG] cheese - null
[2020-10-30T16:37:22.793] [DEBUG] cheese - login => username:admin,password:123456
[2020-10-30T16:37:22.793] [DEBUG] cheese - admin
[2020-10-30T16:37:22.795] [DEBUG] cheese - null
[2020-10-30T16:37:22.796] [DEBUG] cheese - null
[2020-10-30T21:06:38.142] [DEBUG] cheese - login => username:hunk,password:123456
[2020-10-30T21:06:38.147] [DEBUG] cheese - hunk
[2020-10-30T21:06:38.158] [DEBUG] cheese - null
[2020-10-30T21:06:38.160] [DEBUG] cheese - null
[2020-10-30T21:06:40.972] [DEBUG] cheese - null
[2020-10-30T21:06:40.980] [DEBUG] cheese - null
[2020-10-30T21:06:43.713] [DEBUG] cheese - null
[2020-10-30T21:06:43.717] [DEBUG] cheese - null
[2020-10-30T21:06:44.571] [DEBUG] cheese - null
[2020-10-30T21:06:44.575] [DEBUG] cheese - null
[2020-10-30T21:06:46.080] [DEBUG] cheese - null
[2020-10-30T21:06:48.102] [DEBUG] cheese - null
[2020-10-30T21:06:48.108] [DEBUG] cheese - null
[2020-10-30T21:07:07.026] [DEBUG] cheese - login => username:admin,password:123456
[2020-10-30T21:07:07.026] [DEBUG] cheese - admin
[2020-10-30T21:07:07.028] [DEBUG] cheese - null
[2020-10-30T21:07:07.029] [DEBUG] cheese - null
[2020-10-30T21:37:04.300] [DEBUG] cheese - login => username:admin,password:123456
[2020-10-30T21:37:04.302] [DEBUG] cheese - admin
[2020-10-30T21:37:04.311] [DEBUG] cheese - null
[2020-10-30T21:37:04.311] [DEBUG] cheese - null
[2020-10-30T21:57:18.199] [DEBUG] cheese - login => username:admin,password:123456
[2020-10-30T21:57:18.201] [DEBUG] cheese - admin
[2020-10-30T21:57:18.230] [DEBUG] cheese - null
[2020-10-30T21:57:18.230] [DEBUG] cheese - null
[2020-10-31T11:32:53.131] [DEBUG] cheese - login => username:admin,password:123456
[2020-10-31T11:32:53.134] [DEBUG] cheese - admin
[2020-10-31T11:32:53.191] [DEBUG] cheese - null
[2020-10-31T11:32:53.192] [DEBUG] cheese - null
[2020-12-01T20:51:46.529] [DEBUG] cheese - login => username:admin,password:123456
[2020-12-01T20:51:46.534] [DEBUG] cheese - admin
[2020-12-01T20:51:46.607] [DEBUG] cheese - null
[2020-12-01T20:51:46.608] [DEBUG] cheese - null
[2020-12-01T20:55:32.998] [DEBUG] cheese - login => username:admin,password:123456
[2020-12-01T20:55:33.003] [DEBUG] cheese - admin
[2020-12-01T20:55:33.023] [DEBUG] cheese - null
[2020-12-01T20:55:33.024] [DEBUG] cheese - null
